<?xml version="1.0" encoding="UTF-8"?>
<!-- Generated by org.testng.reporters.JUnitReportReporter -->
<testsuite hostname="AGUS-PC" failures="0" tests="4" name="SamsungTest.DemoblazeTest" time="16.179" errors="0" timestamp="2022-11-16T21:34:53 ART" skipped="0">
  <testcase classname="SamsungTest.DemoblazeTest" name="loadPage" time="5.770"/>
  <system-out/>
  <testcase classname="SamsungTest.DemoblazeTest" name="invalidLogin" time="2.020"/>
  <system-out/>
  <testcase classname="SamsungTest.DemoblazeTest" name="validLogin" time="2.774"/>
  <system-out/>
  <testcase classname="SamsungTest.DemoblazeTest" name="searchProduct" time="5.615"/>
  <system-out/>
</testsuite> <!-- SamsungTest.DemoblazeTest -->
