<?xml version="1.0" encoding="UTF-8"?>
<!-- Generated by org.testng.reporters.JUnitReportReporter -->
<testsuite hostname="AGUS-PC" failures="0" tests="4" name="DemoblazeTest.DemoblazeTest" time="11.669" errors="0" timestamp="2022-11-16T21:39:25 ART" skipped="0">
  <testcase classname="DemoblazeTest.DemoblazeTest" name="loadPage" time="1.378"/>
  <system-out/>
  <testcase classname="DemoblazeTest.DemoblazeTest" name="invalidLogin" time="2.008"/>
  <system-out/>
  <testcase classname="DemoblazeTest.DemoblazeTest" name="validLogin" time="2.665"/>
  <system-out/>
  <testcase classname="DemoblazeTest.DemoblazeTest" name="searchProduct" time="5.618"/>
  <system-out/>
</testsuite> <!-- DemoblazeTest.DemoblazeTest -->
